# JRE version: OpenJDK Runtime Environment Temurin-21.0.10+7 (21.0.10+7) (build 21.0.10+7-LTS)
# Java VM: OpenJDK 64-Bit Server VM Temurin-21.0.10+7 (21.0.10+7-LTS, mixed mode, sharing, tiered, compressed oops, compressed class ptrs, g1 gc, windows-amd64)
GC Precious Log:
 CardTable entry size: 512
 Card Set container configuration: InlinePtr #cards 5 size 8 Array Of Cards #cards 12 size 40 Howl #buckets 4 coarsen threshold 1843 Howl Bitmap #cards 512 size 80 coarsen threshold 460 Card regions per heap region 1 cards per card region 2048
 CPUs: 8 total, 8 available
 Memory: 8029M
 Large Page Support: Disabled
 NUMA Support: Disabled
 Compressed Oops: Enabled (32-bit)
 Heap Region Size: 1M
 Heap Min Capacity: 8M
 Heap Initial Capacity: 126M
 Heap Max Capacity: 2G
 Pre-touch: Disabled
 Parallel Workers: 8
 Concurrent Workers: 2
 Concurrent Refinement Workers: 8
 Periodic GC: Disabled
Heap:
 garbage-first heap   total 206848K, used 178958K [0x0000000080000000, 0x0000000100000000)
  region size 1024K, 59 young (60416K), 4 survivors (4096K)
 Metaspace       used 105839K, committed 108416K, reserved 557056K
  class space    used 14839K, committed 16128K, reserved 425984K
GC Heap History (20 events):
Event: 62.687 GC heap before
{Heap before GC invocations=36 (full 0):
 garbage-first heap   total 152576K, used 135802K [0x0000000080000000, 0x0000000100000000)
  region size 1024K, 44 young (45056K), 5 survivors (5120K)
 Metaspace       used 87519K, committed 89856K, reserved 557056K
  class space    used 12543K, committed 13696K, reserved 425984K
}
Event: 62.696 GC heap after
{Heap after GC invocations=37 (full 0):
 garbage-first heap   total 152576K, used 97897K [0x0000000080000000, 0x0000000100000000)
  region size 1024K, 4 young (4096K), 4 survivors (4096K)
 Metaspace       used 87519K, committed 89856K, reserved 557056K
  class space    used 12543K, committed 13696K, reserved 425984K
}
Event: 64.401 GC heap before
{Heap before GC invocations=38 (full 0):
 garbage-first heap   total 163840K, used 136809K [0x0000000080000000, 0x0000000100000000)
  region size 1024K, 43 young (44032K), 4 survivors (4096K)
 Metaspace       used 87519K, committed 89856K, reserved 557056K
  class space    used 12543K, committed 13696K, reserved 425984K
}
Event: 64.412 GC heap after
{Heap after GC invocations=39 (full 0):
 garbage-first heap   total 163840K, used 98544K [0x0000000080000000, 0x0000000100000000)
  region size 1024K, 4 young (4096K), 4 survivors (4096K)
 Metaspace       used 87519K, committed 89856K, reserved 557056K
  class space    used 12543K, committed 13696K, reserved 425984K
}
Event: 65.975 GC heap before
{Heap before GC invocations=39 (full 0):
 garbage-first heap   total 163840K, used 146672K [0x0000000080000000, 0x0000000100000000)
  region size 1024K, 52 young (53248K), 4 survivors (4096K)
 Metaspace       used 87520K, committed 89856K, reserved 557056K
  class space    used 12543K, committed 13696K, reserved 425984K
}
Event: 65.984 GC heap after
{Heap after GC invocations=40 (full 0):
 garbage-first heap   total 163840K, used 97188K [0x0000000080000000, 0x0000000100000000)
  region size 1024K, 5 young (5120K), 5 survivors (5120K)
 Metaspace       used 87520K, committed 89856K, reserved 557056K
  class space    used 12543K, committed 13696K, reserved 425984K
}
Event: 66.349 GC heap before
{Heap before GC invocations=40 (full 0):
 garbage-first heap   total 163840K, used 110500K [0x0000000080000000, 0x0000000100000000)
  region size 1024K, 20 young (20480K), 5 survivors (5120K)
 Metaspace       used 87606K, committed 90048K, reserved 557056K
  class space    used 12559K, committed 13760K, reserved 425984K
}
Event: 66.355 GC heap after
{Heap after GC invocations=41 (full 0):
 garbage-first heap   total 163840K, used 98316K [0x0000000080000000, 0x0000000100000000)
  region size 1024K, 5 young (5120K), 5 survivors (5120K)
 Metaspace       used 87606K, committed 90048K, reserved 557056K
  class space    used 12559K, committed 13760K, reserved 425984K
}
Event: 70.338 GC heap before
{Heap before GC invocations=42 (full 0):
 garbage-first heap   total 171008K, used 153612K [0x0000000080000000, 0x0000000100000000)
  region size 1024K, 53 young (54272K), 5 survivors (5120K)
 Metaspace       used 90560K, committed 93056K, reserved 557056K
  class space    used 12901K, committed 14144K, reserved 425984K
}
Event: 70.347 GC heap after
{Heap after GC invocations=43 (full 0):
 garbage-first heap   total 171008K, used 111027K [0x0000000080000000, 0x0000000100000000)
  region size 1024K, 7 young (7168K), 7 survivors (7168K)
 Metaspace       used 90560K, committed 93056K, reserved 557056K
  class space    used 12901K, committed 14144K, reserved 425984K
}
Event: 73.214 GC heap before
{Heap before GC invocations=43 (full 0):
 garbage-first heap   total 171008K, used 154035K [0x0000000080000000, 0x0000000100000000)
  region size 1024K, 50 young (51200K), 7 survivors (7168K)
 Metaspace       used 94344K, committed 96832K, reserved 557056K
  class space    used 13271K, committed 14464K, reserved 425984K
}
Event: 73.223 GC heap after
{Heap after GC invocations=44 (full 0):
 garbage-first heap   total 171008K, used 111097K [0x0000000080000000, 0x0000000100000000)
  region size 1024K, 2 young (2048K), 2 survivors (2048K)
 Metaspace       used 94344K, committed 96832K, reserved 557056K
  class space    used 13271K, committed 14464K, reserved 425984K
}
Event: 74.395 GC heap before
{Heap before GC invocations=44 (full 0):
 garbage-first heap   total 171008K, used 132601K [0x0000000080000000, 0x0000000100000000)
  region size 1024K, 24 young (24576K), 2 survivors (2048K)
 Metaspace       used 96613K, committed 99072K, reserved 557056K
  class space    used 13538K, committed 14784K, reserved 425984K
}
Event: 74.404 GC heap after
{Heap after GC invocations=45 (full 0):
 garbage-first heap   total 171008K, used 113470K [0x0000000080000000, 0x0000000100000000)
  region size 1024K, 4 young (4096K), 4 survivors (4096K)
 Metaspace       used 96613K, committed 99072K, reserved 557056K
  class space    used 13538K, committed 14784K, reserved 425984K
}
Event: 76.168 GC heap before
{Heap before GC invocations=46 (full 0):
 garbage-first heap   total 199680K, used 162622K [0x0000000080000000, 0x0000000100000000)
  region size 1024K, 47 young (48128K), 4 survivors (4096K)
 Metaspace       used 98496K, committed 100928K, reserved 557056K
  class space    used 13806K, committed 15040K, reserved 425984K
}
Event: 76.174 GC heap after
{Heap after GC invocations=47 (full 0):
 garbage-first heap   total 199680K, used 117921K [0x0000000080000000, 0x0000000100000000)
  region size 1024K, 6 young (6144K), 6 survivors (6144K)
 Metaspace       used 98496K, committed 100928K, reserved 557056K
  class space    used 13806K, committed 15040K, reserved 425984K
}
Event: 78.702 GC heap before
{Heap before GC invocations=47 (full 0):
 garbage-first heap   total 199680K, used 176289K [0x0000000080000000, 0x0000000100000000)
  region size 1024K, 60 young (61440K), 6 survivors (6144K)
 Metaspace       used 102005K, committed 104448K, reserved 557056K
  class space    used 14280K, committed 15488K, reserved 425984K
}
Event: 78.715 GC heap after
{Heap after GC invocations=48 (full 0):
 garbage-first heap   total 199680K, used 122413K [0x0000000080000000, 0x0000000100000000)
  region size 1024K, 3 young (3072K), 3 survivors (3072K)
 Metaspace       used 102005K, committed 104448K, reserved 557056K
  class space    used 14280K, committed 15488K, reserved 425984K
}
Event: 81.093 GC heap before
{Heap before GC invocations=48 (full 0):
 garbage-first heap   total 199680K, used 177709K [0x0000000080000000, 0x0000000100000000)
  region size 1024K, 57 young (58368K), 3 survivors (3072K)
 Metaspace       used 105289K, committed 107776K, reserved 557056K
  class space    used 14751K, committed 16000K, reserved 425984K
}
Event: 81.103 GC heap after
{Heap after GC invocations=49 (full 0):
 garbage-first heap   total 199680K, used 123662K [0x0000000080000000, 0x0000000100000000)
  region size 1024K, 4 young (4096K), 4 survivors (4096K)
 Metaspace       used 105289K, committed 107776K, reserved 557056K
  class space    used 14751K, committed 16000K, reserved 425984K
}

