# JRE version: OpenJDK Runtime Environment Temurin-21.0.10+7 (21.0.10+7) (build 21.0.10+7-LTS)
# Java VM: OpenJDK 64-Bit Server VM Temurin-21.0.10+7 (21.0.10+7-LTS, mixed mode, sharing, tiered, compressed oops, compressed class ptrs, parallel gc, windows-amd64)
GC Precious Log:
 CardTable entry size: 512
 CPUs: 8 total, 8 available
 Memory: 8029M
 Large Page Support: Disabled
 NUMA Support: Disabled
 Compressed Oops: Enabled (32-bit)
 Alignments: Space 512K, Generation 512K, Heap 2M
 Heap Min Capacity: 100M
 Heap Initial Capacity: 100M
 Heap Max Capacity: 2G
 Pre-touch: Disabled
 Parallel Workers: 8
Heap:
 PSYoungGen      total 7680K, used 2997K [0x00000000d5580000, 0x00000000d6080000, 0x0000000100000000)
  eden space 7168K, 37% used [0x00000000d5580000,0x00000000d5818798,0x00000000d5c80000)
  from space 512K, 66% used [0x00000000d5f80000,0x00000000d5fd4d88,0x00000000d6000000)
  to   space 512K, 0% used [0x00000000d6000000,0x00000000d6000000,0x00000000d6080000)
 ParOldGen       total 74240K, used 73789K [0x0000000080000000, 0x0000000084880000, 0x00000000d5580000)
  object space 74240K, 99% used [0x0000000080000000,0x000000008480f700,0x0000000084880000)
 Metaspace       used 57495K, committed 58816K, reserved 1114112K
  class space    used 6792K, committed 7360K, reserved 1048576K
GC Heap History (20 events):
Event: 34.089 GC heap before
{Heap before GC invocations=70 (full 2):
 PSYoungGen      total 4096K, used 3883K [0x00000000d5580000, 0x00000000d6080000, 0x0000000100000000)
  eden space 3584K, 100% used [0x00000000d5580000,0x00000000d5900000,0x00000000d5900000)
  from space 512K, 58% used [0x00000000d5f80000,0x00000000d5fcac60,0x00000000d6000000)
  to   space 512K, 0% used [0x00000000d6000000,0x00000000d6000000,0x00000000d6080000)
 ParOldGen       total 71680K, used 71316K [0x0000000080000000, 0x0000000084600000, 0x00000000d5580000)
  object space 71680K, 99% used [0x0000000080000000,0x00000000845a5140,0x0000000084600000)
 Metaspace       used 52999K, committed 54208K, reserved 1114112K
  class space    used 6095K, committed 6592K, reserved 1048576K
}
Event: 34.090 GC heap after
{Heap after GC invocations=70 (full 2):
 PSYoungGen      total 4096K, used 288K [0x00000000d5580000, 0x00000000d6080000, 0x0000000100000000)
  eden space 3584K, 0% used [0x00000000d5580000,0x00000000d5580000,0x00000000d5900000)
  from space 512K, 56% used [0x00000000d6000000,0x00000000d6048000,0x00000000d6080000)
  to   space 512K, 0% used [0x00000000d5f80000,0x00000000d5f80000,0x00000000d6000000)
 ParOldGen       total 71680K, used 71441K [0x0000000080000000, 0x0000000084600000, 0x00000000d5580000)
  object space 71680K, 99% used [0x0000000080000000,0x00000000845c4498,0x0000000084600000)
 Metaspace       used 52999K, committed 54208K, reserved 1114112K
  class space    used 6095K, committed 6592K, reserved 1048576K
}
Event: 34.129 GC heap before
{Heap before GC invocations=71 (full 2):
 PSYoungGen      total 4096K, used 3872K [0x00000000d5580000, 0x00000000d6080000, 0x0000000100000000)
  eden space 3584K, 100% used [0x00000000d5580000,0x00000000d5900000,0x00000000d5900000)
  from space 512K, 56% used [0x00000000d6000000,0x00000000d6048000,0x00000000d6080000)
  to   space 512K, 0% used [0x00000000d5f80000,0x00000000d5f80000,0x00000000d6000000)
 ParOldGen       total 71680K, used 71441K [0x0000000080000000, 0x0000000084600000, 0x00000000d5580000)
  object space 71680K, 99% used [0x0000000080000000,0x00000000845c4498,0x0000000084600000)
 Metaspace       used 53529K, committed 54720K, reserved 1114112K
  class space    used 6158K, committed 6656K, reserved 1048576K
}
Event: 34.130 GC heap after
{Heap after GC invocations=71 (full 2):
 PSYoungGen      total 4096K, used 192K [0x00000000d5580000, 0x00000000d6080000, 0x0000000100000000)
  eden space 3584K, 0% used [0x00000000d5580000,0x00000000d5580000,0x00000000d5900000)
  from space 512K, 37% used [0x00000000d5f80000,0x00000000d5fb0000,0x00000000d6000000)
  to   space 512K, 0% used [0x00000000d6000000,0x00000000d6000000,0x00000000d6080000)
 ParOldGen       total 71680K, used 71585K [0x0000000080000000, 0x0000000084600000, 0x00000000d5580000)
  object space 71680K, 99% used [0x0000000080000000,0x00000000845e8498,0x0000000084600000)
 Metaspace       used 53529K, committed 54720K, reserved 1114112K
  class space    used 6158K, committed 6656K, reserved 1048576K
}
Event: 34.175 GC heap before
{Heap before GC invocations=72 (full 2):
 PSYoungGen      total 4096K, used 3776K [0x00000000d5580000, 0x00000000d6080000, 0x0000000100000000)
  eden space 3584K, 100% used [0x00000000d5580000,0x00000000d5900000,0x00000000d5900000)
  from space 512K, 37% used [0x00000000d5f80000,0x00000000d5fb0000,0x00000000d6000000)
  to   space 512K, 0% used [0x00000000d6000000,0x00000000d6000000,0x00000000d6080000)
 ParOldGen       total 71680K, used 71585K [0x0000000080000000, 0x0000000084600000, 0x00000000d5580000)
  object space 71680K, 99% used [0x0000000080000000,0x00000000845e8498,0x0000000084600000)
 Metaspace       used 53941K, committed 55168K, reserved 1114112K
  class space    used 6232K, committed 6720K, reserved 1048576K
}
Event: 35.190 GC heap after
{Heap after GC invocations=72 (full 2):
 PSYoungGen      total 5120K, used 224K [0x00000000d5580000, 0x00000000d6080000, 0x0000000100000000)
  eden space 4608K, 0% used [0x00000000d5580000,0x00000000d5580000,0x00000000d5a00000)
  from space 512K, 43% used [0x00000000d6000000,0x00000000d6038000,0x00000000d6080000)
  to   space 512K, 0% used [0x00000000d5f80000,0x00000000d5f80000,0x00000000d6000000)
 ParOldGen       total 72192K, used 71689K [0x0000000080000000, 0x0000000084680000, 0x00000000d5580000)
  object space 72192K, 99% used [0x0000000080000000,0x0000000084602498,0x0000000084680000)
 Metaspace       used 53941K, committed 55168K, reserved 1114112K
  class space    used 6232K, committed 6720K, reserved 1048576K
}
Event: 35.254 GC heap before
{Heap before GC invocations=73 (full 2):
 PSYoungGen      total 5120K, used 4832K [0x00000000d5580000, 0x00000000d6080000, 0x0000000100000000)
  eden space 4608K, 100% used [0x00000000d5580000,0x00000000d5a00000,0x00000000d5a00000)
  from space 512K, 43% used [0x00000000d6000000,0x00000000d6038000,0x00000000d6080000)
  to   space 512K, 0% used [0x00000000d5f80000,0x00000000d5f80000,0x00000000d6000000)
 ParOldGen       total 72192K, used 71689K [0x0000000080000000, 0x0000000084680000, 0x00000000d5580000)
  object space 72192K, 99% used [0x0000000080000000,0x0000000084602498,0x0000000084680000)
 Metaspace       used 54204K, committed 55488K, reserved 1114112K
  class space    used 6271K, committed 6784K, reserved 1048576K
}
Event: 35.258 GC heap after
{Heap after GC invocations=73 (full 2):
 PSYoungGen      total 6144K, used 480K [0x00000000d5580000, 0x00000000d6080000, 0x0000000100000000)
  eden space 5632K, 0% used [0x00000000d5580000,0x00000000d5580000,0x00000000d5b00000)
  from space 512K, 93% used [0x00000000d5f80000,0x00000000d5ff8030,0x00000000d6000000)
  to   space 512K, 0% used [0x00000000d6000000,0x00000000d6000000,0x00000000d6080000)
 ParOldGen       total 72704K, used 72217K [0x0000000080000000, 0x0000000084700000, 0x00000000d5580000)
  object space 72704K, 99% used [0x0000000080000000,0x0000000084686498,0x0000000084700000)
 Metaspace       used 54204K, committed 55488K, reserved 1114112K
  class space    used 6271K, committed 6784K, reserved 1048576K
}
Event: 35.369 GC heap before
{Heap before GC invocations=74 (full 2):
 PSYoungGen      total 6144K, used 6112K [0x00000000d5580000, 0x00000000d6080000, 0x0000000100000000)
  eden space 5632K, 100% used [0x00000000d5580000,0x00000000d5b00000,0x00000000d5b00000)
  from space 512K, 93% used [0x00000000d5f80000,0x00000000d5ff8030,0x00000000d6000000)
  to   space 512K, 0% used [0x00000000d6000000,0x00000000d6000000,0x00000000d6080000)
 ParOldGen       total 72704K, used 72217K [0x0000000080000000, 0x0000000084700000, 0x00000000d5580000)
  object space 72704K, 99% used [0x0000000080000000,0x0000000084686498,0x0000000084700000)
 Metaspace       used 54938K, committed 56192K, reserved 1114112K
  class space    used 6368K, committed 6912K, reserved 1048576K
}
Event: 35.370 GC heap after
{Heap after GC invocations=74 (full 2):
 PSYoungGen      total 6144K, used 496K [0x00000000d5580000, 0x00000000d6080000, 0x0000000100000000)
  eden space 5632K, 0% used [0x00000000d5580000,0x00000000d5580000,0x00000000d5b00000)
  from space 512K, 96% used [0x00000000d6000000,0x00000000d607c020,0x00000000d6080000)
  to   space 1024K, 0% used [0x00000000d5e80000,0x00000000d5e80000,0x00000000d5f80000)
 ParOldGen       total 72704K, used 72445K [0x0000000080000000, 0x0000000084700000, 0x00000000d5580000)
  object space 72704K, 99% used [0x0000000080000000,0x00000000846bf4a8,0x0000000084700000)
 Metaspace       used 54938K, committed 56192K, reserved 1114112K
  class space    used 6368K, committed 6912K, reserved 1048576K
}
Event: 35.473 GC heap before
{Heap before GC invocations=75 (full 2):
 PSYoungGen      total 6144K, used 6128K [0x00000000d5580000, 0x00000000d6080000, 0x0000000100000000)
  eden space 5632K, 100% used [0x00000000d5580000,0x00000000d5b00000,0x00000000d5b00000)
  from space 512K, 96% used [0x00000000d6000000,0x00000000d607c020,0x00000000d6080000)
  to   space 1024K, 0% used [0x00000000d5e80000,0x00000000d5e80000,0x00000000d5f80000)
 ParOldGen       total 72704K, used 72445K [0x0000000080000000, 0x0000000084700000, 0x00000000d5580000)
  object space 72704K, 99% used [0x0000000080000000,0x00000000846bf4a8,0x0000000084700000)
 Metaspace       used 55442K, committed 56640K, reserved 1114112K
  class space    used 6469K, committed 6976K, reserved 1048576K
}
Event: 35.476 GC heap after
{Heap after GC invocations=75 (full 2):
 PSYoungGen      total 6656K, used 256K [0x00000000d5580000, 0x00000000d6080000, 0x0000000100000000)
  eden space 5632K, 0% used [0x00000000d5580000,0x00000000d5580000,0x00000000d5b00000)
  from space 1024K, 25% used [0x00000000d5e80000,0x00000000d5ec0000,0x00000000d5f80000)
  to   space 512K, 0% used [0x00000000d6000000,0x00000000d6000000,0x00000000d6080000)
 ParOldGen       total 73216K, used 72965K [0x0000000080000000, 0x0000000084780000, 0x00000000d5580000)
  object space 73216K, 99% used [0x0000000080000000,0x0000000084741700,0x0000000084780000)
 Metaspace       used 55442K, committed 56640K, reserved 1114112K
  class space    used 6469K, committed 6976K, reserved 1048576K
}
Event: 35.635 GC heap before
{Heap before GC invocations=76 (full 2):
 PSYoungGen      total 6656K, used 5888K [0x00000000d5580000, 0x00000000d6080000, 0x0000000100000000)
  eden space 5632K, 100% used [0x00000000d5580000,0x00000000d5b00000,0x00000000d5b00000)
  from space 1024K, 25% used [0x00000000d5e80000,0x00000000d5ec0000,0x00000000d5f80000)
  to   space 512K, 0% used [0x00000000d6000000,0x00000000d6000000,0x00000000d6080000)
 ParOldGen       total 73216K, used 72965K [0x0000000080000000, 0x0000000084780000, 0x00000000d5580000)
  object space 73216K, 99% used [0x0000000080000000,0x0000000084741700,0x0000000084780000)
 Metaspace       used 55640K, committed 56832K, reserved 1114112K
  class space    used 6497K, committed 7040K, reserved 1048576K
}
Event: 35.636 GC heap after
{Heap after GC invocations=76 (full 2):
 PSYoungGen      total 6144K, used 320K [0x00000000d5580000, 0x00000000d6080000, 0x0000000100000000)
  eden space 5632K, 0% used [0x00000000d5580000,0x00000000d5580000,0x00000000d5b00000)
  from space 512K, 62% used [0x00000000d6000000,0x00000000d6050000,0x00000000d6080000)
  to   space 512K, 0% used [0x00000000d5f80000,0x00000000d5f80000,0x00000000d6000000)
 ParOldGen       total 73216K, used 73133K [0x0000000080000000, 0x0000000084780000, 0x00000000d5580000)
  object space 73216K, 99% used [0x0000000080000000,0x000000008476b700,0x0000000084780000)
 Metaspace       used 55640K, committed 56832K, reserved 1114112K
  class space    used 6497K, committed 7040K, reserved 1048576K
}
Event: 35.717 GC heap before
{Heap before GC invocations=77 (full 2):
 PSYoungGen      total 6144K, used 5952K [0x00000000d5580000, 0x00000000d6080000, 0x0000000100000000)
  eden space 5632K, 100% used [0x00000000d5580000,0x00000000d5b00000,0x00000000d5b00000)
  from space 512K, 62% used [0x00000000d6000000,0x00000000d6050000,0x00000000d6080000)
  to   space 512K, 0% used [0x00000000d5f80000,0x00000000d5f80000,0x00000000d6000000)
 ParOldGen       total 73216K, used 73133K [0x0000000080000000, 0x0000000084780000, 0x00000000d5580000)
  object space 73216K, 99% used [0x0000000080000000,0x000000008476b700,0x0000000084780000)
 Metaspace       used 56464K, committed 57664K, reserved 1114112K
  class space    used 6609K, committed 7104K, reserved 1048576K
}
Event: 35.718 GC heap after
{Heap after GC invocations=77 (full 2):
 PSYoungGen      total 6144K, used 320K [0x00000000d5580000, 0x00000000d6080000, 0x0000000100000000)
  eden space 5632K, 0% used [0x00000000d5580000,0x00000000d5580000,0x00000000d5b00000)
  from space 512K, 62% used [0x00000000d5f80000,0x00000000d5fd0000,0x00000000d6000000)
  to   space 512K, 0% used [0x00000000d6000000,0x00000000d6000000,0x00000000d6080000)
 ParOldGen       total 73728K, used 73317K [0x0000000080000000, 0x0000000084800000, 0x00000000d5580000)
  object space 73728K, 99% used [0x0000000080000000,0x0000000084799700,0x0000000084800000)
 Metaspace       used 56464K, committed 57664K, reserved 1114112K
  class space    used 6609K, committed 7104K, reserved 1048576K
}
Event: 36.791 GC heap before
{Heap before GC invocations=78 (full 2):
 PSYoungGen      total 6144K, used 5952K [0x00000000d5580000, 0x00000000d6080000, 0x0000000100000000)
  eden space 5632K, 100% used [0x00000000d5580000,0x00000000d5b00000,0x00000000d5b00000)
  from space 512K, 62% used [0x00000000d5f80000,0x00000000d5fd0000,0x00000000d6000000)
  to   space 512K, 0% used [0x00000000d6000000,0x00000000d6000000,0x00000000d6080000)
 ParOldGen       total 73728K, used 73317K [0x0000000080000000, 0x0000000084800000, 0x00000000d5580000)
  object space 73728K, 99% used [0x0000000080000000,0x0000000084799700,0x0000000084800000)
 Metaspace       used 56964K, committed 58304K, reserved 1114112K
  class space    used 6695K, committed 7296K, reserved 1048576K
}
Event: 36.792 GC heap after
{Heap after GC invocations=78 (full 2):
 PSYoungGen      total 6144K, used 320K [0x00000000d5580000, 0x00000000d6080000, 0x0000000100000000)
  eden space 5632K, 0% used [0x00000000d5580000,0x00000000d5580000,0x00000000d5b00000)
  from space 512K, 62% used [0x00000000d6000000,0x00000000d6050000,0x00000000d6080000)
  to   space 512K, 0% used [0x00000000d5f80000,0x00000000d5f80000,0x00000000d6000000)
 ParOldGen       total 73728K, used 73533K [0x0000000080000000, 0x0000000084800000, 0x00000000d5580000)
  object space 73728K, 99% used [0x0000000080000000,0x00000000847cf700,0x0000000084800000)
 Metaspace       used 56964K, committed 58304K, reserved 1114112K
  class space    used 6695K, committed 7296K, reserved 1048576K
}
Event: 36.871 GC heap before
{Heap before GC invocations=79 (full 2):
 PSYoungGen      total 6144K, used 5946K [0x00000000d5580000, 0x00000000d6080000, 0x0000000100000000)
  eden space 5632K, 99% used [0x00000000d5580000,0x00000000d5afe898,0x00000000d5b00000)
  from space 512K, 62% used [0x00000000d6000000,0x00000000d6050000,0x00000000d6080000)
  to   space 512K, 0% used [0x00000000d5f80000,0x00000000d5f80000,0x00000000d6000000)
 ParOldGen       total 73728K, used 73533K [0x0000000080000000, 0x0000000084800000, 0x00000000d5580000)
  object space 73728K, 99% used [0x0000000080000000,0x00000000847cf700,0x0000000084800000)
 Metaspace       used 57489K, committed 58816K, reserved 1114112K
  class space    used 6792K, committed 7360K, reserved 1048576K
}
Event: 37.871 GC heap after
{Heap after GC invocations=79 (full 2):
 PSYoungGen      total 7680K, used 339K [0x00000000d5580000, 0x00000000d6080000, 0x0000000100000000)
  eden space 7168K, 0% used [0x00000000d5580000,0x00000000d5580000,0x00000000d5c80000)
  from space 512K, 66% used [0x00000000d5f80000,0x00000000d5fd4d88,0x00000000d6000000)
  to   space 512K, 0% used [0x00000000d6000000,0x00000000d6000000,0x00000000d6080000)
 ParOldGen       total 74240K, used 73789K [0x0000000080000000, 0x0000000084880000, 0x00000000d5580000)
  object space 74240K, 99% used [0x0000000080000000,0x000000008480f700,0x0000000084880000)
 Metaspace       used 57489K, committed 58816K, reserved 1114112K
  class space    used 6792K, committed 7360K, reserved 1048576K
}

